This is pdfTeX, Version 3.14159265-2.6-1.40.18 (TeX Live 2017/Debian) (preloaded format=pdflatex 2019.8.1)  1 AUG 2019 08:47
entering extended mode
 restricted \write18 enabled.
 %&-line parsing enabled.
**files.tex
(./files.tex
LaTeX2e <2017-04-15>
Babel <3.18> and hyphenation patterns for 3 language(s) loaded.
! Undefined control sequence.
l.1 \doxysection
                {File List}
? 
! Interruption.
<to be read again> 
                   {
l.1 \doxysection{
                 File List}
? 

! LaTeX Error: Missing \begin{document}.

See the LaTeX manual or LaTeX Companion for explanation.
Type  H <return>  for immediate help.
 ...                                              
                                                  
l.1 \doxysection{F
                  ile List}
? 
Missing character: There is no F in font nullfont!
Missing character: There is no i in font nullfont!
Missing character: There is no l in font nullfont!
Missing character: There is no e in font nullfont!
Missing character: There is no L in font nullfont!
Missing character: There is no i in font nullfont!
Missing character: There is no s in font nullfont!
Missing character: There is no t in font nullfont!
Missing character: There is no H in font nullfont!
Missing character: There is no e in font nullfont!
Missing character: There is no r in font nullfont!
Missing character: There is no e in font nullfont!
Missing character: There is no i in font nullfont!
Missing character: There is no s in font nullfont!
Missing character: There is no a in font nullfont!
Missing character: There is no l in font nullfont!
Missing character: There is no i in font nullfont!
Missing character: There is no s in font nullfont!
Missing character: There is no t in font nullfont!
Missing character: There is no o in font nullfont!
Missing character: There is no f in font nullfont!
Missing character: There is no a in font nullfont!
Missing character: There is no l in font nullfont!
Missing character: There is no l in font nullfont!
Missing character: There is no f in font nullfont!
Missing character: There is no i in font nullfont!
Missing character: There is no l in font nullfont!
Missing character: There is no e in font nullfont!
Missing character: There is no s in font nullfont!
Missing character: There is no w in font nullfont!
Missing character: There is no i in font nullfont!
Missing character: There is no t in font nullfont!
Missing character: There is no h in font nullfont!
Missing character: There is no b in font nullfont!
Missing character: There is no r in font nullfont!
Missing character: There is no i in font nullfont!
Missing character: There is no e in font nullfont!
Missing character: There is no f in font nullfont!
Missing character: There is no d in font nullfont!
Missing character: There is no e in font nullfont!
Missing character: There is no s in font nullfont!
Missing character: There is no c in font nullfont!
Missing character: There is no r in font nullfont!
Missing character: There is no i in font nullfont!
Missing character: There is no p in font nullfont!
Missing character: There is no t in font nullfont!
Missing character: There is no i in font nullfont!
Missing character: There is no o in font nullfont!
Missing character: There is no n in font nullfont!
Missing character: There is no s in font nullfont!
! Undefined control sequence.
l.2 ...list of all files with brief descriptions\+
                                                  :\begin{DoxyCompactList}
? 
Missing character: There is no : in font nullfont!

! LaTeX Error: Environment DoxyCompactList undefined.

See the LaTeX manual or LaTeX Companion for explanation.
Type  H <return>  for immediate help.
 ...                                              
                                                  
l.2 ...rief descriptions\+:\begin{DoxyCompactList}
                                                  
? 

Overfull \hbox (20.0pt too wide) in paragraph at lines 1--3
[]
 []


! LaTeX Error: Lonely \item--perhaps a missing list environment.

See the LaTeX manual or LaTeX Companion for explanation.
Type  H <return>  for immediate help.
 ...                                              
                                                  
l.3 \item\contentsline
                      {section}{/home/krishna/\+Documents/csn361/2/\mbox{\hy...

? 
Missing character: There is no / in font nullfont!
Missing character: There is no h in font nullfont!
Missing character: There is no o in font nullfont!
Missing character: There is no m in font nullfont!
Missing character: There is no e in font nullfont!
Missing character: There is no / in font nullfont!
Missing character: There is no k in font nullfont!
Missing character: There is no r in font nullfont!
Missing character: There is no i in font nullfont!
Missing character: There is no s in font nullfont!
Missing character: There is no h in font nullfont!
Missing character: There is no n in font nullfont!
Missing character: There is no a in font nullfont!
Missing character: There is no / in font nullfont!
! Undefined control sequence.
l.3 \item\contentsline{section}{/home/krishna/\+
                                                Documents/csn361/2/\mbox{\hy...

? 
Missing character: There is no D in font nullfont!
Missing character: There is no o in font nullfont!
Missing character: There is no c in font nullfont!
Missing character: There is no u in font nullfont!
Missing character: There is no m in font nullfont!
Missing character: There is no e in font nullfont!
Missing character: There is no n in font nullfont!
Missing character: There is no t in font nullfont!
Missing character: There is no s in font nullfont!
Missing character: There is no / in font nullfont!
Missing character: There is no c in font nullfont!
Missing character: There is no s in font nullfont!
Missing character: There is no n in font nullfont!
Missing character: There is no 3 in font nullfont!
Missing character: There is no 6 in font nullfont!
Missing character: There is no 1 in font nullfont!
Missing character: There is no / in font nullfont!
Missing character: There is no 2 in font nullfont!
Missing character: There is no / in font nullfont!
! Undefined control sequence.
<argument> \hyperlink 
                      {q1__cli_8c}{q1\+\_\+cli.\+c}
l.3 ...ox{\hyperlink{q1__cli_8c}{q1\+\_\+cli.\+c}}
                                                   }{\pageref{q1__cli_8c}}{}
? 
Missing character: There is no q in font nullfont!
Missing character: There is no 1 in font nullfont!
! Missing $ inserted.
<inserted text> 
                $
l.3 ...ox{\hyperlink{q1__cli_8c}{q1\+\_\+cli.\+c}}
                                                   }{\pageref{q1__cli_8c}}{}
? 
LaTeX Font Info:    External font `cmex10' loaded for size
(Font)              <7> on input line 3.
LaTeX Font Info:    External font `cmex10' loaded for size
(Font)              <5> on input line 3.
! Missing { inserted.
<to be read again> 
                   _
l.3 ...ox{\hyperlink{q1__cli_8c}{q1\+\_\+cli.\+c}}
                                                   }{\pageref{q1__cli_8c}}{}
? 
! Undefined control sequence.
<argument> \hyperlink {q1__cli_8c}{q1\+
                                       \_\+cli.\+c}
l.3 ...ox{\hyperlink{q1__cli_8c}{q1\+\_\+cli.\+c}}
                                                   }{\pageref{q1__cli_8c}}{}
? 
! Undefined control sequence.
<argument> \hyperlink {q1__cli_8c}{q1\+\_\+
                                           cli.\+c}
l.3 ...ox{\hyperlink{q1__cli_8c}{q1\+\_\+cli.\+c}}
                                                   }{\pageref{q1__cli_8c}}{}
? 
! Undefined control sequence.
<argument> \hyperlink {q1__cli_8c}{q1\+\_\+cli.\+
                                                 c}
l.3 ...ox{\hyperlink{q1__cli_8c}{q1\+\_\+cli.\+c}}
                                                   }{\pageref{q1__cli_8c}}{}
? 
! Extra }, or forgotten $.
\mbox #1->\leavevmode \hbox {#1}
                                
l.3 ...ox{\hyperlink{q1__cli_8c}{q1\+\_\+cli.\+c}}
                                                   }{\pageref{q1__cli_8c}}{}
? 
! Extra }, or forgotten $.
l.3 ...{\hyperlink{q1__cli_8c}{q1\+\_\+cli.\+c}} }
                                                  {\pageref{q1__cli_8c}}{}
? 
! Undefined control sequence.
<write> ...eference `q1__cli_8c' on page \thepage 
                                                  \space undefined\on@line .
l.3 ...c}{q1\+\_\+cli.\+c}} }{\pageref{q1__cli_8c}
                                                  }{}
? 

LaTeX Warning: Reference `q1__cli_8c' on page  undefined on input line 3.


! LaTeX Error: Command \item invalid in math mode.

See the LaTeX manual or LaTeX Companion for explanation.
Type  H <return>  for immediate help.
 ...                                              
                                                  
l.4 \item
         \contentsline{section}{/home/krishna/\+Documents/csn361/2/\mbox{\hy...

? 

! LaTeX Error: Something's wrong--perhaps a missing \item.

See the LaTeX manual or LaTeX Companion for explanation.
Type  H <return>  for immediate help.
 ...                                              
                                                  
l.4 \item\contentsline
                      {section}{/home/krishna/\+Documents/csn361/2/\mbox{\hy...

? 

! LaTeX Error: Something's wrong--perhaps a missing \item.

See the LaTeX manual or LaTeX Companion for explanation.
Type  H <return>  for immediate help.
 ...                                              
                                                  
l.4 \item\contentsline
                      {section}{/home/krishna/\+Documents/csn361/2/\mbox{\hy...

? 

! LaTeX Error: Lonely \item--perhaps a missing list environment.

See the LaTeX manual or LaTeX Companion for explanation.
Type  H <return>  for immediate help.
 ...                                              
                                                  
l.4 \item\contentsline
                      {section}{/home/krishna/\+Documents/csn361/2/\mbox{\hy...

? 
! Undefined control sequence.
l.4 \item\contentsline{section}{/home/krishna/\+
                                                Documents/csn361/2/\mbox{\hy...

? 
! Emergency stop.
l.4 \item\contentsline{section}{/home/krishna/\+
                                                Documents/csn361/2/\mbox{\hy...
End of file on the terminal!

 
Here is how much of TeX's memory you used:
 15 strings out of 494923
 239 string characters out of 6180743
 45874 words of memory out of 5000000
 3430 multiletter control sequences out of 15000+600000
 3948 words of font info for 15 fonts, out of 8000000 for 9000
 14 hyphenation exceptions out of 8191
 20i,6n,14p,164b,130s stack positions out of 5000i,500n,10000p,200000b,80000s
!  ==> Fatal error occurred, no output PDF file produced!
